15 Mar 2023 08:44:11,467 INFO  DeviceDBRepository 18 <init> - Initializing CarsDBRepository with properties: {} 
15 Mar 2023 08:44:48,610 INFO  DeviceDBRepository 18 <init> - Initializing CarsDBRepository with properties: {} 
15 Mar 2023 08:44:48,615 TRACE DeviceDBRepository 83 add - Enter saving task Device@d5b810e
15 Mar 2023 08:44:48,616 TRACE JdbcUtils 43 getConnection - Enter
15 Mar 2023 08:44:48,616 TRACE JdbcUtils 20 getNewConnection - Enter
15 Mar 2023 08:44:48,616 INFO  JdbcUtils 25 getNewConnection - trying to connect to database ... null
15 Mar 2023 08:44:48,616 INFO  JdbcUtils 26 getNewConnection - user: null
15 Mar 2023 08:44:48,616 INFO  JdbcUtils 27 getNewConnection - pass: null
15 Mar 2023 08:44:48,618 ERROR JdbcUtils 36 getNewConnection - java.sql.SQLException: The url cannot be null
15 Mar 2023 08:44:48,623 TRACE JdbcUtils 52 getConnection - Exit
15 Mar 2023 08:46:08,274 INFO  DeviceDBRepository 18 <init> - Initializing CarsDBRepository with properties: {} 
15 Mar 2023 08:46:08,280 TRACE DeviceDBRepository 83 add - Enter saving task Device@d5b810e
15 Mar 2023 08:46:08,280 TRACE JdbcUtils 43 getConnection - Enter
15 Mar 2023 08:46:08,280 TRACE JdbcUtils 20 getNewConnection - Enter
15 Mar 2023 08:46:08,280 INFO  JdbcUtils 25 getNewConnection - trying to connect to database ... null
15 Mar 2023 08:46:08,281 INFO  JdbcUtils 26 getNewConnection - user: null
15 Mar 2023 08:46:08,281 INFO  JdbcUtils 27 getNewConnection - pass: null
15 Mar 2023 08:46:08,283 ERROR JdbcUtils 36 getNewConnection - java.sql.SQLException: The url cannot be null
15 Mar 2023 08:46:08,285 TRACE JdbcUtils 52 getConnection - Exit
15 Mar 2023 08:46:25,015 INFO  DeviceDBRepository 18 <init> - Initializing CarsDBRepository with properties: {} 
15 Mar 2023 08:46:25,020 TRACE DeviceDBRepository 83 add - Enter saving task Device@d5b810e
15 Mar 2023 08:46:25,021 TRACE JdbcUtils 43 getConnection - Enter
15 Mar 2023 08:46:25,021 TRACE JdbcUtils 20 getNewConnection - Enter
15 Mar 2023 08:46:25,021 INFO  JdbcUtils 25 getNewConnection - trying to connect to database ... null
15 Mar 2023 08:46:25,021 INFO  JdbcUtils 26 getNewConnection - user: null
15 Mar 2023 08:46:25,022 INFO  JdbcUtils 27 getNewConnection - pass: null
15 Mar 2023 08:46:25,024 ERROR JdbcUtils 36 getNewConnection - java.sql.SQLException: The url cannot be null
15 Mar 2023 08:46:25,025 TRACE JdbcUtils 52 getConnection - Exit
15 Mar 2023 08:47:33,594 INFO  DeviceDBRepository 18 <init> - Initializing CarsDBRepository with properties: {} 
15 Mar 2023 08:47:33,598 TRACE DeviceDBRepository 83 add - Enter saving task Device@d5b810e
15 Mar 2023 08:47:33,599 TRACE JdbcUtils 43 getConnection - Enter
15 Mar 2023 08:47:33,599 TRACE JdbcUtils 20 getNewConnection - Enter
15 Mar 2023 08:47:33,599 INFO  JdbcUtils 25 getNewConnection - trying to connect to database ... null
15 Mar 2023 08:47:33,599 INFO  JdbcUtils 26 getNewConnection - user: null
15 Mar 2023 08:47:33,600 INFO  JdbcUtils 27 getNewConnection - pass: null
15 Mar 2023 08:47:33,601 ERROR JdbcUtils 36 getNewConnection - java.sql.SQLException: The url cannot be null
15 Mar 2023 08:47:33,602 TRACE JdbcUtils 52 getConnection - Exit
15 Mar 2023 08:48:09,191 INFO  DeviceDBRepository 18 <init> - Initializing CarsDBRepository with properties: {} 
15 Mar 2023 08:48:09,196 TRACE DeviceDBRepository 83 add - Enter saving task Device@d5b810e
15 Mar 2023 08:48:09,196 TRACE JdbcUtils 43 getConnection - Enter
15 Mar 2023 08:48:09,196 TRACE JdbcUtils 20 getNewConnection - Enter
15 Mar 2023 08:48:09,197 INFO  JdbcUtils 25 getNewConnection - trying to connect to database ... null
15 Mar 2023 08:48:09,197 INFO  JdbcUtils 26 getNewConnection - user: null
15 Mar 2023 08:48:09,197 INFO  JdbcUtils 27 getNewConnection - pass: null
15 Mar 2023 08:48:09,200 ERROR JdbcUtils 36 getNewConnection - java.sql.SQLException: The url cannot be null
15 Mar 2023 08:48:09,201 TRACE JdbcUtils 52 getConnection - Exit
